Removed Pin From Net: NetName=S1-IN4 Pin=U1-22
Removed Pin From Net: NetName=S1-IN3 Pin=U1-23
Removed Pin From Net: NetName=S1-IN2 Pin=U1-24
Removed Pin From Net: NetName=S1-IN1 Pin=U1-25
Added Component: Designator=P?(HDR1X8)
Added Component: Designator=P?(HDR1X8)
Added Component: Designator=Q?(SOT23-3)
Added Component: Designator=Q?(SOT23-3)
Added Component: Designator=R?(J1-0603)
Added Component: Designator=R?(J1-0603)
Added Component: Designator=R?(J1-0603)
Added Component: Designator=R?(J1-0603)
Added Pin To Net: NetName=VCC Pin=P?-1
Added Pin To Net: NetName=VCC Pin=P?-1
Added Pin To Net: NetName=VCC Pin=P?-2
Added Pin To Net: NetName=VCC Pin=P?-2
Added Pin To Net: NetName=S1-IN1 Pin=P?-3
Added Pin To Net: NetName=S1-IN3 Pin=P?-3
Added Pin To Net: NetName=GND Pin=P?-4
Added Pin To Net: NetName=GND Pin=P?-4
Added Pin To Net: NetName=GND Pin=P?-5
Added Pin To Net: NetName=GND Pin=P?-5
Added Pin To Net: NetName=S1-IN2 Pin=P?-6
Added Pin To Net: NetName=S1-IN4 Pin=P?-6
Added Pin To Net: NetName=S1-IN4 Pin=P?-7
Added Pin To Net: NetName=BAT Pin=P?-8
Added Pin To Net: NetName=VCC Pin=P?-8
Added Pin To Net: NetName=S1-IN4 Pin=Q?-1
Added Pin To Net: NetName=GND Pin=Q?-3
Added Pin To Net: NetName=GND Pin=Q?-3
Added Pin To Net: NetName=VCC Pin=R?-1
Added Pin To Net: NetName=VCC Pin=R?-1
Added Pin To Net: NetName=S1-IN4 Pin=R?-2
Added Pin To Net: NetName=NetP?_7 Pin=P?-7
Added Pin To Net: NetName=NetP?_7 Pin=Q?-1
Added Pin To Net: NetName=NetP?_7 Pin=R?-2
Added Net: Name=NetP?_7
Added Pin To Net: NetName=NetQ?_2 Pin=Q?-2
Added Pin To Net: NetName=NetQ?_2 Pin=R?-1
Added Net: Name=NetQ?_2
Added Pin To Net: NetName=STEPPER A Pin=R?-2
Added Net: Name=STEPPER A
Added Pin To Net: NetName=STEPPER B Pin=R?-2
Added Net: Name=STEPPER B
Added Member To Class: ClassName=METR4810_Schematic Member=Component P? Header 8
Added Member To Class: ClassName=METR4810_Schematic Member=Component P? Header 8
Added Member To Class: ClassName=METR4810_Schematic Member=Component Q? MOSFET-J
Added Member To Class: ClassName=METR4810_Schematic Member=Component Q? MOSFET-J
Added Member To Class: ClassName=METR4810_Schematic Member=Component R? Res3
Added Member To Class: ClassName=METR4810_Schematic Member=Component R? Res3
Added Member To Class: ClassName=METR4810_Schematic Member=Component R? Res3
Added Member To Class: ClassName=METR4810_Schematic Member=Component R? Res3
