Removed Pin From Net: NetName=S-OUT3 Pin=P1-3
Removed Pin From Net: NetName=S-OUT4 Pin=P1-4
Removed Pin From Net: NetName=PWM SV 2 Pin=P3-1
Removed Pin From Net: NetName=PWM SV 1 Pin=P3-2
Removed Pin From Net: NetName=VCC Pin=P3-3
Removed Pin From Net: NetName=VCC Pin=P3-4
Removed Pin From Net: NetName=GND Pin=P3-5
Removed Pin From Net: NetName=GND Pin=P3-6
Removed Pin From Net: NetName=TXD Pin=P8-5
Removed Member From Class: ClassName=METR4810_Schematic Member=P3
Added Component: Designator=R?(J1-0603)
Added Component: Designator=R?(J1-0603)
Added Component: Designator=R?(J1-0603)
Added Pin To Net: NetName=S-OUT4 Pin=P1-3
Added Pin To Net: NetName=S-OUT3 Pin=P1-4
Added Pin To Net: NetName=TXD Pin=R?-1
Added Pin To Net: NetName=GND Pin=R?-2
Added Pin To Net: NetName=NetR?_1 Pin=R?-1
Added Pin To Net: NetName=NetR?_1 Pin=R?-2
Added Net: Name=NetR?_1
Added Pin To Net: NetName=TXD_3.3V Pin=P8-5
Added Pin To Net: NetName=TXD_3.3V Pin=R?-1
Added Pin To Net: NetName=TXD_3.3V Pin=R?-2
Added Net: Name=TXD_3.3V
Added Member To Class: ClassName=METR4810_Schematic Member=Component R? Res3
Added Member To Class: ClassName=METR4810_Schematic Member=Component R? Res3
Added Member To Class: ClassName=METR4810_Schematic Member=Component R? Res3
