Removed Pin From Net: NetName=BAT Pin=P2-1
Removed Pin From Net: NetName=GND Pin=P7-2
Removed Pin From Net: NetName=GND Pin=P7-4
Removed Pin From Net: NetName=GND Pin=P7-6
Removed Pin From Net: NetName=GND Pin=P7-8
Removed Pin From Net: NetName=GND Pin=P7-10
Removed Pin From Net: NetName=GND Pin=P7-12
Removed Pin From Net: NetName=VCC Pin=P8-2
Removed Pin From Net: NetName=BAT Pin=P8-4
Removed Pin From Net: NetName=GND Pin=P8-6
Removed Pin From Net: NetName=VCC Pin=Q1-1
Removed Pin From Net: NetName=VCC Pin=Q2-1
Removed Pin From Net: NetName=TXD Pin=R1-1
Removed Pin From Net: NetName=GND Pin=R6-2
Removed Member From Class: ClassName=METR4810_Schematic Member=P7
Removed Member From Class: ClassName=METR4810_Schematic Member=Q1
Removed Member From Class: ClassName=METR4810_Schematic Member=Q2
Removed Member From Class: ClassName=METR4810_Schematic Member=R1
Removed Member From Class: ClassName=METR4810_Schematic Member=R2
Removed Member From Class: ClassName=METR4810_Schematic Member=R6
Removed Member From Class: ClassName=METR4810_Schematic Member=R10
Removed Member From Class: ClassName=METR4810_Schematic Member=R11
Removed Member From Class: ClassName=METR4810_Schematic Member=R12
Removed Member From Class: ClassName=METR4810_Schematic Member=R13
Removed Member From Class: ClassName=METR4810_Schematic Member=R14
Removed Member From Class: ClassName=METR4810_Schematic Member=R15
Added Component: Designator=J?(DSUB1.385-2H15)
Added Component: Designator=P?(HDR2X4)
Added Pin To Net: NetName=GND Pin=J?-1
Added Pin To Net: NetName=VCC Pin=J?-2
Added Pin To Net: NetName=PWM SV 1 Pin=J?-4
Added Pin To Net: NetName=BAT Pin=J?-9
Added Pin To Net: NetName=PWM SV 2 Pin=J?-11
Added Pin To Net: NetName=VCC Pin=P2-1
Added Pin To Net: NetName=BAT Pin=P2-7
Added Pin To Net: NetName=TXD Pin=P8-5
Added Pin To Net: NetName=BAT Pin=P8-6
Added Pin To Net: NetName=GND Pin=P8-8
Added Pin To Net: NetName=CAM_POW Pin=J?-3
Added Pin To Net: NetName=CAM_POW Pin=P8-2
Added Net: Name=CAM_POW
Added Pin To Net: NetName=CAM_SIG Pin=J?-10
Added Pin To Net: NetName=CAM_SIG Pin=P8-4
Added Net: Name=CAM_SIG
Added Pin To Net: NetName=MOTOR_1A Pin=J?-8
Added Pin To Net: NetName=MOTOR_1A Pin=P?-1
Added Net: Name=MOTOR_1A
Added Pin To Net: NetName=MOTOR_1B Pin=J?-15
Added Pin To Net: NetName=MOTOR_1B Pin=P?-3
Added Net: Name=MOTOR_1B
Added Pin To Net: NetName=MOTOR_2A Pin=J?-7
Added Pin To Net: NetName=MOTOR_2A Pin=P?-5
Added Net: Name=MOTOR_2A
Added Pin To Net: NetName=MOTOR_2B Pin=J?-14
Added Pin To Net: NetName=MOTOR_2B Pin=P?-7
Added Net: Name=MOTOR_2B
Added Pin To Net: NetName=MOTOR_3A Pin=J?-6
Added Pin To Net: NetName=MOTOR_3A Pin=P?-2
Added Net: Name=MOTOR_3A
Added Pin To Net: NetName=MOTOR_3B Pin=J?-13
Added Pin To Net: NetName=MOTOR_3B Pin=P?-4
Added Net: Name=MOTOR_3B
Added Pin To Net: NetName=MOTOR_4A Pin=J?-5
Added Pin To Net: NetName=MOTOR_4A Pin=P?-6
Added Net: Name=MOTOR_4A
Added Pin To Net: NetName=MOTOR_4B Pin=J?-12
Added Pin To Net: NetName=MOTOR_4B Pin=P?-8
Added Net: Name=MOTOR_4B
Added Member To Class: ClassName=METR4810_Schematic Member=Component J? D Connector 15
Added Member To Class: ClassName=METR4810_Schematic Member=Component P? Header 4X2
