Removed Pin From Net: NetName=5V Pin=P4-1
Removed Pin From Net: NetName=GND Pin=P4-2
Removed Pin From Net: NetName=P1 Pin=P4-3
Removed Pin From Net: NetName=P3 Pin=P4-4
Removed Pin From Net: NetName=P7 Pin=P4-5
Removed Pin From Net: NetName=MISO Pin=P4-6
Removed Pin From Net: NetName=P17 Pin=P5-1
Removed Pin From Net: NetName=P18 Pin=P5-2
Removed Pin From Net: NetName=P22 Pin=P5-3
Removed Pin From Net: NetName=P23 Pin=P5-4
Removed Pin From Net: NetName=P24 Pin=P5-5
Removed Pin From Net: NetName=P25 Pin=P5-6
Removed Pin From Net: NetName=MOSI Pin=P6-1
Removed Pin From Net: NetName=P10 Pin=P6-2
Removed Pin From Net: NetName=P13 Pin=P6-3
Removed Pin From Net: NetName=P14 Pin=P6-4
Removed Pin From Net: NetName=P15 Pin=P6-5
Removed Pin From Net: NetName=P16 Pin=P6-6
Removed Pin From Net: NetName=P26 Pin=P7-1
Removed Pin From Net: NetName=P27 Pin=P7-2
Removed Pin From Net: NetName=P28 Pin=P7-3
Removed Pin From Net: NetName=P29 Pin=P7-4
Removed Pin From Net: NetName=P30 Pin=P7-5
Removed Pin From Net: NetName=P32 Pin=P7-6
Removed Member From Class: ClassName=Sheet3 Member=P4
Removed Member From Class: ClassName=Sheet3 Member=P5
Removed Member From Class: ClassName=Sheet3 Member=P6
Removed Member From Class: ClassName=Sheet3 Member=P7
Added Component: Designator=P?(HDR1X12)
Added Component: Designator=P?(HDR1X12)
Added Pin To Net: NetName=5V Pin=P?-1
Added Pin To Net: NetName=P17 Pin=P?-1
Added Pin To Net: NetName=GND Pin=P?-2
Added Pin To Net: NetName=P18 Pin=P?-2
Added Pin To Net: NetName=P1 Pin=P?-3
Added Pin To Net: NetName=P22 Pin=P?-3
Added Pin To Net: NetName=P3 Pin=P?-4
Added Pin To Net: NetName=P23 Pin=P?-4
Added Pin To Net: NetName=P7 Pin=P?-5
Added Pin To Net: NetName=P24 Pin=P?-5
Added Pin To Net: NetName=MISO Pin=P?-6
Added Pin To Net: NetName=P25 Pin=P?-6
Added Pin To Net: NetName=MOSI Pin=P?-7
Added Pin To Net: NetName=P26 Pin=P?-7
Added Pin To Net: NetName=P10 Pin=P?-8
Added Pin To Net: NetName=P27 Pin=P?-8
Added Pin To Net: NetName=P13 Pin=P?-9
Added Pin To Net: NetName=P28 Pin=P?-9
Added Pin To Net: NetName=P14 Pin=P?-10
Added Pin To Net: NetName=P29 Pin=P?-10
Added Pin To Net: NetName=P15 Pin=P?-11
Added Pin To Net: NetName=P30 Pin=P?-11
Added Pin To Net: NetName=P16 Pin=P?-12
Added Pin To Net: NetName=P32 Pin=P?-12
Added Member To Class: ClassName=Sheet3 Member=Component P? Header 12
Added Member To Class: ClassName=Sheet3 Member=Component P? Header 12
