Added Pin To Net: NetName=GND Pin=D1-2
Added Pin To Net: NetName=GND Pin=D2-2
Added Pin To Net: NetName=GND Pin=D3-2
Added Pin To Net: NetName=GND Pin=P1-6
Added Pin To Net: NetName=GND Pin=P2-6
Added Pin To Net: NetName=GND Pin=P3-2
Added Pin To Net: NetName=GND Pin=R6-2
Added Pin To Net: NetName=GND Pin=R10-2
Added Net: Name=GND
Added Pin To Net: NetName=MISO Pin=P1-1
Added Pin To Net: NetName=MISO Pin=P2-2
Added Net: Name=MISO
Added Pin To Net: NetName=MOSI Pin=P1-4
Added Pin To Net: NetName=MOSI Pin=P2-1
Added Net: Name=MOSI
Added Pin To Net: NetName=NetD2_1 Pin=D2-1
Added Pin To Net: NetName=NetD2_1 Pin=R3-1
Added Net: Name=NetD2_1
Added Pin To Net: NetName=NetD3_1 Pin=D3-1
Added Pin To Net: NetName=NetD3_1 Pin=R4-1
Added Net: Name=NetD3_1
Added Pin To Net: NetName=NetR2_2 Pin=R2-2
Added Pin To Net: NetName=NetR2_2 Pin=R6-1
Added Net: Name=NetR2_2
Added Pin To Net: NetName=NetR9_2 Pin=R9-2
Added Pin To Net: NetName=NetR9_2 Pin=R10-1
Added Net: Name=NetR9_2
Added Pin To Net: NetName=POWER Pin=D1-1
Added Pin To Net: NetName=POWER Pin=R8-2
Added Pin To Net: NetName=POWER Pin=R9-1
Added Net: Name=POWER
Added Pin To Net: NetName=RESET Pin=P1-5
Added Pin To Net: NetName=RESET Pin=P2-4
Added Pin To Net: NetName=RESET Pin=R5-1
Added Net: Name=RESET
Added Pin To Net: NetName=RXD Pin=P2-9
Added Pin To Net: NetName=RXD Pin=P3-4
Added Pin To Net: NetName=RXD Pin=R4-2
Added Net: Name=RXD
Added Pin To Net: NetName=SCK Pin=P1-3
Added Pin To Net: NetName=SCK Pin=P2-3
Added Net: Name=SCK
Added Pin To Net: NetName=TXD_3.3V Pin=P3-3
Added Pin To Net: NetName=TXD_3.3V Pin=R1-2
Added Pin To Net: NetName=TXD_3.3V Pin=R2-1
Added Net: Name=TXD_3.3V
Added Pin To Net: NetName=TXD Pin=P2-10
Added Pin To Net: NetName=TXD Pin=R1-1
Added Pin To Net: NetName=TXD Pin=R3-2
Added Net: Name=TXD
Added Pin To Net: NetName=VCC Pin=P1-2
Added Pin To Net: NetName=VCC Pin=P2-5
Added Pin To Net: NetName=VCC Pin=P3-1
Added Pin To Net: NetName=VCC Pin=R5-2
Added Pin To Net: NetName=VCC Pin=R8-1
Added Net: Name=VCC
Added Class: Name=Breakout_schematic
Added Room: Name=Breakout_schematic
