Added Component: Designator=D1(L0603)
Added Component: Designator=D2(L0603)
Added Component: Designator=D3(L0603)
Added Component: Designator=P1(HDR2X3)
Added Component: Designator=P?(HDR1X10)
Added Component: Designator=R1(J1-0603)
Added Component: Designator=R2(J1-0603)
Added Component: Designator=R3(J1-0603)
Added Component: Designator=R4(J1-0603)
Added Component: Designator=R6(J1-0603)
Added Component: Designator=R8(J1-0603)
Added Component: Designator=R9(J1-0603)
Added Component: Designator=R10(J1-0603)
Added Component: Designator=R?(J1-0603)
Added Pin To Net: NetName=POWER Pin=D1-1
Added Pin To Net: NetName=GND Pin=D1-2
Added Pin To Net: NetName=NetD2_1 Pin=D2-1
Added Pin To Net: NetName=GND Pin=D2-2
Added Pin To Net: NetName=NetD3_1 Pin=D3-1
Added Pin To Net: NetName=GND Pin=D3-2
Added Pin To Net: NetName=MISO Pin=P1-1
Added Pin To Net: NetName=VCC Pin=P1-2
Added Pin To Net: NetName=SCK Pin=P1-3
Added Pin To Net: NetName=MOSI Pin=P1-4
Added Pin To Net: NetName=RESET Pin=P1-5
Added Pin To Net: NetName=GND Pin=P1-6
Added Pin To Net: NetName=MOSI Pin=P?-1
Added Pin To Net: NetName=MISO Pin=P?-2
Added Pin To Net: NetName=SCK Pin=P?-3
Added Pin To Net: NetName=RESET Pin=P?-4
Added Pin To Net: NetName=VCC Pin=P?-5
Added Pin To Net: NetName=GND Pin=P?-6
Added Pin To Net: NetName=RXD Pin=P?-9
Added Pin To Net: NetName=TXD Pin=P?-10
Added Pin To Net: NetName=TXD Pin=R1-1
Added Pin To Net: NetName=TXD_3.3V Pin=R1-2
Added Pin To Net: NetName=TXD_3.3V Pin=R2-1
Added Pin To Net: NetName=NetR2_2 Pin=R2-2
Added Pin To Net: NetName=NetD2_1 Pin=R3-1
Added Pin To Net: NetName=TXD Pin=R3-2
Added Pin To Net: NetName=NetD3_1 Pin=R4-1
Added Pin To Net: NetName=RXD Pin=R4-2
Added Pin To Net: NetName=NetR2_2 Pin=R6-1
Added Pin To Net: NetName=GND Pin=R6-2
Added Pin To Net: NetName=VCC Pin=R8-1
Added Pin To Net: NetName=POWER Pin=R8-2
Added Pin To Net: NetName=POWER Pin=R9-1
Added Pin To Net: NetName=NetR9_2 Pin=R9-2
Added Pin To Net: NetName=NetR9_2 Pin=R10-1
Added Pin To Net: NetName=GND Pin=R10-2
Added Pin To Net: NetName=RESET Pin=R?-1
Added Pin To Net: NetName=VCC Pin=R?-2
Added Member To Class: ClassName=Breakout_schematic Member=Component D1 LED1
Added Member To Class: ClassName=Breakout_schematic Member=Component D2 LED1
Added Member To Class: ClassName=Breakout_schematic Member=Component D3 LED1
Added Member To Class: ClassName=Breakout_schematic Member=Component P1 Header 3X2
Added Member To Class: ClassName=Breakout_schematic Member=Component P? Header 10
Added Member To Class: ClassName=Breakout_schematic Member=Component R1 Res3
Added Member To Class: ClassName=Breakout_schematic Member=Component R2 Res3
Added Member To Class: ClassName=Breakout_schematic Member=Component R3 Res3
Added Member To Class: ClassName=Breakout_schematic Member=Component R4 Res3
Added Member To Class: ClassName=Breakout_schematic Member=Component R6 Res3
Added Member To Class: ClassName=Breakout_schematic Member=Component R8 Res3
Added Member To Class: ClassName=Breakout_schematic Member=Component R9 Res3
Added Member To Class: ClassName=Breakout_schematic Member=Component R10 Res3
Added Member To Class: ClassName=Breakout_schematic Member=Component R? Res3
