Added Component: Designator=C1(C1206)
Added Component: Designator=C2(CAPAE9983X105M)
Added Component: Designator=C3(CAPAE9983X105M)
Added Component: Designator=C4(C1206)
Added Component: Designator=D1(L0603)
Added Component: Designator=D2(L0603)
Added Component: Designator=D3(L0603)
Added Component: Designator=D4(L0603)
Added Component: Designator=P1(HDR2X4)
Added Component: Designator=P2(HDR2X4)
Added Component: Designator=P3(HDR2X3)
Added Component: Designator=P4(HDR1X2)
Added Component: Designator=P6(HDR2X3)
Added Component: Designator=P7(HDR2X6)
Added Component: Designator=P8(HDR2X4)
Added Component: Designator=Q1(SOT23-3)
Added Component: Designator=R1(J1-0603)
Added Component: Designator=R2(J1-0603)
Added Component: Designator=R3(J1-0603)
Added Component: Designator=R4(J1-0603)
Added Component: Designator=R5(J1-0603)
Added Component: Designator=R6(J1-0603)
Added Component: Designator=R7(J1-0603)
Added Component: Designator=R8(J1-0603)
Added Component: Designator=R9(J1-0603)
Added Component: Designator=R10(J1-0603)
Added Component: Designator=R11(J1-0603)
Added Component: Designator=R12(J1-0603)
Added Component: Designator=R13(J1-0603)
Added Component: Designator=R14(J1-0603)
Added Component: Designator=R15(J1-0603)
Added Component: Designator=R16(J1-0603)
Added Component: Designator=U1(44A_N)
Added Component: Designator=VR1(D2PAK_N)
Added Pin To Net: NetName=BAT Pin=C2-1
Added Pin To Net: NetName=BAT Pin=C3-1
Added Pin To Net: NetName=BAT Pin=P1-4
Added Pin To Net: NetName=BAT Pin=P2-1
Added Pin To Net: NetName=BAT Pin=P4-1
Added Pin To Net: NetName=BAT Pin=P8-4
Added Pin To Net: NetName=BAT Pin=VR1-1
Added Net: Name=BAT
Added Pin To Net: NetName=DC 1 ENABLE Pin=P2-5
Added Pin To Net: NetName=DC 1 ENABLE Pin=U1-12
Added Net: Name=DC 1 ENABLE
Added Pin To Net: NetName=DC 2 ENABLE Pin=P2-6
Added Pin To Net: NetName=DC 2 ENABLE Pin=U1-11
Added Net: Name=DC 2 ENABLE
Added Pin To Net: NetName=GND Pin=C1-1
Added Pin To Net: NetName=GND Pin=C2-2
Added Pin To Net: NetName=GND Pin=C3-2
Added Pin To Net: NetName=GND Pin=C4-1
Added Pin To Net: NetName=GND Pin=D1-2
Added Pin To Net: NetName=GND Pin=D2-2
Added Pin To Net: NetName=GND Pin=D3-2
Added Pin To Net: NetName=GND Pin=D4-2
Added Pin To Net: NetName=GND Pin=P1-8
Added Pin To Net: NetName=GND Pin=P2-8
Added Pin To Net: NetName=GND Pin=P3-5
Added Pin To Net: NetName=GND Pin=P3-6
Added Pin To Net: NetName=GND Pin=P4-2
Added Pin To Net: NetName=GND Pin=P6-6
Added Pin To Net: NetName=GND Pin=P7-2
Added Pin To Net: NetName=GND Pin=P7-4
Added Pin To Net: NetName=GND Pin=P7-6
Added Pin To Net: NetName=GND Pin=P7-8
Added Pin To Net: NetName=GND Pin=P7-10
Added Pin To Net: NetName=GND Pin=P7-12
Added Pin To Net: NetName=GND Pin=P8-3
Added Pin To Net: NetName=GND Pin=P8-6
Added Pin To Net: NetName=GND Pin=R6-2
Added Pin To Net: NetName=GND Pin=R9-2
Added Pin To Net: NetName=GND Pin=U1-6
Added Pin To Net: NetName=GND Pin=U1-18
Added Pin To Net: NetName=GND Pin=U1-28
Added Pin To Net: NetName=GND Pin=U1-39
Added Pin To Net: NetName=GND Pin=VR1-2
Added Net: Name=GND
Added Pin To Net: NetName=HI-BEAM Pin=Q1-2
Added Pin To Net: NetName=HI-BEAM Pin=U1-26
Added Net: Name=HI-BEAM
Added Pin To Net: NetName=MISO Pin=P6-1
Added Pin To Net: NetName=MISO Pin=U1-2
Added Net: Name=MISO
Added Pin To Net: NetName=MOSI Pin=P6-4
Added Pin To Net: NetName=MOSI Pin=U1-1
Added Net: Name=MOSI
Added Pin To Net: NetName=NetD2_1 Pin=D2-1
Added Pin To Net: NetName=NetD2_1 Pin=R3-1
Added Net: Name=NetD2_1
Added Pin To Net: NetName=NetD3_1 Pin=D3-1
Added Pin To Net: NetName=NetD3_1 Pin=R4-1
Added Net: Name=NetD3_1
Added Pin To Net: NetName=NetD4_1 Pin=D4-1
Added Pin To Net: NetName=NetD4_1 Pin=R5-1
Added Net: Name=NetD4_1
Added Pin To Net: NetName=NetQ1_3 Pin=Q1-3
Added Pin To Net: NetName=NetQ1_3 Pin=R13-2
Added Pin To Net: NetName=NetQ1_3 Pin=R14-2
Added Pin To Net: NetName=NetQ1_3 Pin=R15-2
Added Net: Name=NetQ1_3
Added Pin To Net: NetName=NetR2_2 Pin=R2-2
Added Pin To Net: NetName=NetR2_2 Pin=R6-1
Added Net: Name=NetR2_2
Added Pin To Net: NetName=NetR8_2 Pin=R8-2
Added Pin To Net: NetName=NetR8_2 Pin=R9-1
Added Net: Name=NetR8_2
Added Pin To Net: NetName=POWER Pin=D1-1
Added Pin To Net: NetName=POWER Pin=R7-2
Added Pin To Net: NetName=POWER Pin=R8-1
Added Net: Name=POWER
Added Pin To Net: NetName=PWM DC 1 Pin=P2-3
Added Pin To Net: NetName=PWM DC 1 Pin=U1-14
Added Net: Name=PWM DC 1
Added Pin To Net: NetName=PWM DC 2 Pin=P2-4
Added Pin To Net: NetName=PWM DC 2 Pin=U1-13
Added Net: Name=PWM DC 2
Added Pin To Net: NetName=PWM SV 1 Pin=P3-3
Added Pin To Net: NetName=PWM SV 1 Pin=U1-15
Added Net: Name=PWM SV 1
Added Pin To Net: NetName=PWM SV 2 Pin=P3-4
Added Pin To Net: NetName=PWM SV 2 Pin=U1-16
Added Net: Name=PWM SV 2
Added Pin To Net: NetName=RESET Pin=P6-5
Added Pin To Net: NetName=RESET Pin=R16-1
Added Pin To Net: NetName=RESET Pin=U1-4
Added Net: Name=RESET
Added Pin To Net: NetName=RXD Pin=P8-7
Added Pin To Net: NetName=RXD Pin=R4-2
Added Pin To Net: NetName=RXD Pin=U1-9
Added Net: Name=RXD
Added Pin To Net: NetName=S1-IN1 Pin=P1-1
Added Pin To Net: NetName=S1-IN1 Pin=U1-25
Added Net: Name=S1-IN1
Added Pin To Net: NetName=S1-IN2 Pin=P1-3
Added Pin To Net: NetName=S1-IN2 Pin=U1-24
Added Net: Name=S1-IN2
Added Pin To Net: NetName=S1-IN3 Pin=P1-5
Added Pin To Net: NetName=S1-IN3 Pin=U1-23
Added Net: Name=S1-IN3
Added Pin To Net: NetName=S1-IN4 Pin=P1-7
Added Pin To Net: NetName=S1-IN4 Pin=U1-22
Added Net: Name=S1-IN4
Added Pin To Net: NetName=SCK Pin=P6-3
Added Pin To Net: NetName=SCK Pin=U1-3
Added Net: Name=SCK
Added Pin To Net: NetName=STATUS Pin=R5-2
Added Pin To Net: NetName=STATUS Pin=U1-33
Added Net: Name=STATUS
Added Pin To Net: NetName=TORCH1 Pin=P7-1
Added Pin To Net: NetName=TORCH1 Pin=R10-1
Added Net: Name=TORCH1
Added Pin To Net: NetName=TORCH2 Pin=P7-3
Added Pin To Net: NetName=TORCH2 Pin=R11-1
Added Net: Name=TORCH2
Added Pin To Net: NetName=TORCH3 Pin=P7-5
Added Pin To Net: NetName=TORCH3 Pin=R12-1
Added Net: Name=TORCH3
Added Pin To Net: NetName=TORCH4 Pin=P7-7
Added Pin To Net: NetName=TORCH4 Pin=R13-1
Added Net: Name=TORCH4
Added Pin To Net: NetName=TORCH5 Pin=P7-9
Added Pin To Net: NetName=TORCH5 Pin=R14-1
Added Net: Name=TORCH5
Added Pin To Net: NetName=TORCH6 Pin=P7-11
Added Pin To Net: NetName=TORCH6 Pin=R15-1
Added Net: Name=TORCH6
Added Pin To Net: NetName=TXD_3.3V Pin=P8-5
Added Pin To Net: NetName=TXD_3.3V Pin=R1-2
Added Pin To Net: NetName=TXD_3.3V Pin=R2-1
Added Net: Name=TXD_3.3V
Added Pin To Net: NetName=TXD Pin=R1-1
Added Pin To Net: NetName=TXD Pin=R3-2
Added Pin To Net: NetName=TXD Pin=U1-10
Added Net: Name=TXD
Added Pin To Net: NetName=VCC Pin=C1-2
Added Pin To Net: NetName=VCC Pin=C4-2
Added Pin To Net: NetName=VCC Pin=P1-2
Added Pin To Net: NetName=VCC Pin=P2-2
Added Pin To Net: NetName=VCC Pin=P3-1
Added Pin To Net: NetName=VCC Pin=P3-2
Added Pin To Net: NetName=VCC Pin=P6-2
Added Pin To Net: NetName=VCC Pin=P8-1
Added Pin To Net: NetName=VCC Pin=P8-2
Added Pin To Net: NetName=VCC Pin=Q1-1
Added Pin To Net: NetName=VCC Pin=R7-1
Added Pin To Net: NetName=VCC Pin=R10-2
Added Pin To Net: NetName=VCC Pin=R11-2
Added Pin To Net: NetName=VCC Pin=R12-2
Added Pin To Net: NetName=VCC Pin=R16-2
Added Pin To Net: NetName=VCC Pin=U1-5
Added Pin To Net: NetName=VCC Pin=U1-17
Added Pin To Net: NetName=VCC Pin=U1-27
Added Pin To Net: NetName=VCC Pin=U1-29
Added Pin To Net: NetName=VCC Pin=U1-38
Added Pin To Net: NetName=VCC Pin=VR1-3
Added Net: Name=VCC
Added Class: Name=METR4810_Schematic
Added Room: Name=METR4810_Schematic
