Removed Pin From Net: NetName=VCC Pin=P1-2
Removed Pin From Net: NetName=BAT Pin=P1-4
Removed Pin From Net: NetName=GND Pin=P1-8
Removed Pin From Net: NetName=VCC Pin=P5-2
Removed Pin From Net: NetName=VCC Pin=P9-2
Removed Pin From Net: NetName=GND Pin=Q2-3
Removed Pin From Net: NetName=GND Pin=Q3-3
Removed Pin From Net: NetName=VCC Pin=R17-1
Removed Pin From Net: NetName=VCC Pin=R18-1
Removed Member From Class: ClassName=METR4810_Schematic Member=P1
Removed Member From Class: ClassName=METR4810_Schematic Member=Q2
Removed Member From Class: ClassName=METR4810_Schematic Member=Q3
Removed Member From Class: ClassName=METR4810_Schematic Member=R17
Removed Member From Class: ClassName=METR4810_Schematic Member=R18
Removed Member From Class: ClassName=METR4810_Schematic Member=R19
Removed Member From Class: ClassName=METR4810_Schematic Member=R20
Added Component: Designator=P?(HDR1X4)
Added Pin To Net: NetName=S-IN1 Pin=P5-2
Added Pin To Net: NetName=S-IN1 Pin=U1-23
Added Net: Name=S-IN1
Added Pin To Net: NetName=S-IN2 Pin=P5-7
Added Pin To Net: NetName=S-IN2 Pin=U1-24
Added Net: Name=S-IN2
Added Pin To Net: NetName=S-IN3 Pin=P9-2
Added Pin To Net: NetName=S-IN3 Pin=U1-25
Added Net: Name=S-IN3
Added Pin To Net: NetName=S-IN4 Pin=P9-7
Added Pin To Net: NetName=S-IN4 Pin=U1-26
Added Net: Name=S-IN4
Added Pin To Net: NetName=S-OUT1 Pin=P5-3
Added Net: Name=S-OUT1
Added Pin To Net: NetName=S-OUT2 Pin=P5-6
Added Net: Name=S-OUT2
Added Pin To Net: NetName=S-OUT3 Pin=P9-3
Added Pin To Net: NetName=S-OUT3 Pin=P?-1
Added Pin To Net: NetName=S-OUT3 Pin=P?-2
Added Pin To Net: NetName=S-OUT3 Pin=P?-3
Added Pin To Net: NetName=S-OUT3 Pin=P?-4
Added Net: Name=S-OUT3
Added Pin To Net: NetName=S-OUT4 Pin=P9-6
Added Net: Name=S-OUT4
Added Member To Class: ClassName=METR4810_Schematic Member=Component P? Header 4
Added Member To Class: ClassName=METR4810_Schematic Member=Component P? Header 8X2
