Added Component: Designator=B1(SMT Tactile Button)
Added Component: Designator=C1(1608[0603])
Added Component: Designator=C2(1608[0603])
Added Component: Designator=C3(1608[0603])
Added Component: Designator=C4(1608[0603])
Added Component: Designator=D1(HDR1X2)
Added Component: Designator=D2(HDR1X2)
Added Component: Designator=D3(HDR1X2)
Added Component: Designator=D4(HDR1X2)
Added Component: Designator=D5(HDR1X2)
Added Component: Designator=D6(HDR1X2)
Added Component: Designator=D7(HDR1X2)
Added Component: Designator=P1(HDR2X3)
Added Component: Designator=P2(HDR1X2)
Added Component: Designator=P3(HDR1X2)
Added Component: Designator=P4(HDR2X3)
Added Component: Designator=P5(HDR2X4)
Added Component: Designator=P6(HDR2X3)
Added Component: Designator=P7(HDR2X4)
Added Component: Designator=P8(HDR1X4)
Added Component: Designator=P9(HDR2X4)
Added Component: Designator=P10(HDR2X4)
Added Component: Designator=Q1(E3)
Added Component: Designator=R1(J1-0603)
Added Component: Designator=R2(J1-0603)
Added Component: Designator=R3(J1-0603)
Added Component: Designator=R4(J1-0603)
Added Component: Designator=R5(J1-0603)
Added Component: Designator=R6(J1-0603)
Added Component: Designator=R7(J1-0603)
Added Component: Designator=R8(J1-0603)
Added Component: Designator=U1(32A_L)
Added Component: Designator=VR1(D2PAK_N)
Added Pin To Net: NetName=3S(11.1V) Pin=P2-1
Added Pin To Net: NetName=3S(11.1V) Pin=P3-1
Added Pin To Net: NetName=3S(11.1V) Pin=P5-4
Added Pin To Net: NetName=3S(11.1V) Pin=P6-1
Added Pin To Net: NetName=3S(11.1V) Pin=P7-4
Added Pin To Net: NetName=3S(11.1V) Pin=P9-4
Added Pin To Net: NetName=3S(11.1V) Pin=P10-4
Added Net: Name=3S(11.1V)
Added Pin To Net: NetName=5V Pin=C1-2
Added Pin To Net: NetName=5V Pin=C2-2
Added Pin To Net: NetName=5V Pin=P1-2
Added Pin To Net: NetName=5V Pin=P4-2
Added Pin To Net: NetName=5V Pin=P5-2
Added Pin To Net: NetName=5V Pin=P6-2
Added Pin To Net: NetName=5V Pin=P7-2
Added Pin To Net: NetName=5V Pin=P8-1
Added Pin To Net: NetName=5V Pin=P9-2
Added Pin To Net: NetName=5V Pin=P10-2
Added Pin To Net: NetName=5V Pin=Q1-1
Added Pin To Net: NetName=5V Pin=R1-2
Added Pin To Net: NetName=5V Pin=R3-2
Added Pin To Net: NetName=5V Pin=R4-2
Added Pin To Net: NetName=5V Pin=R5-2
Added Pin To Net: NetName=5V Pin=U1-4
Added Pin To Net: NetName=5V Pin=U1-19
Added Pin To Net: NetName=5V Pin=VR1-3
Added Net: Name=5V
Added Pin To Net: NetName=GND Pin=B1-2
Added Pin To Net: NetName=GND Pin=C1-1
Added Pin To Net: NetName=GND Pin=C2-1
Added Pin To Net: NetName=GND Pin=D1-2
Added Pin To Net: NetName=GND Pin=D2-2
Added Pin To Net: NetName=GND Pin=D3-2
Added Pin To Net: NetName=GND Pin=D4-2
Added Pin To Net: NetName=GND Pin=D5-2
Added Pin To Net: NetName=GND Pin=D6-2
Added Pin To Net: NetName=GND Pin=D7-2
Added Pin To Net: NetName=GND Pin=P1-6
Added Pin To Net: NetName=GND Pin=P2-2
Added Pin To Net: NetName=GND Pin=P3-2
Added Pin To Net: NetName=GND Pin=P4-6
Added Pin To Net: NetName=GND Pin=P5-8
Added Pin To Net: NetName=GND Pin=P6-6
Added Pin To Net: NetName=GND Pin=P7-8
Added Pin To Net: NetName=GND Pin=P8-2
Added Pin To Net: NetName=GND Pin=P9-8
Added Pin To Net: NetName=GND Pin=P10-8
Added Pin To Net: NetName=GND Pin=U1-5
Added Pin To Net: NetName=GND Pin=U1-20
Added Pin To Net: NetName=GND Pin=VR1-2
Added Net: Name=GND
Added Pin To Net: NetName=HI-BEAM Pin=Q1-2
Added Pin To Net: NetName=HI-BEAM Pin=U1-15
Added Net: Name=HI-BEAM
Added Pin To Net: NetName=M1.1 Pin=P5-5
Added Pin To Net: NetName=M1.1 Pin=U1-16
Added Net: Name=M1.1
Added Pin To Net: NetName=M1.2 Pin=P5-7
Added Pin To Net: NetName=M1.2 Pin=U1-23
Added Net: Name=M1.2
Added Pin To Net: NetName=M2.1 Pin=P7-5
Added Pin To Net: NetName=M2.1 Pin=U1-6
Added Pin To Net: NetName=M2.1 Pin=U1-24
Added Net: Name=M2.1
Added Pin To Net: NetName=M2.2 Pin=P7-7
Added Pin To Net: NetName=M2.2 Pin=U1-26
Added Net: Name=M2.2
Added Pin To Net: NetName=M3.1 Pin=P9-5
Added Net: Name=M3.1
Added Pin To Net: NetName=M3.2 Pin=P9-7
Added Pin To Net: NetName=M3.2 Pin=U1-7
Added Net: Name=M3.2
Added Pin To Net: NetName=M4.1 Pin=P10-5
Added Pin To Net: NetName=M4.1 Pin=U1-17
Added Net: Name=M4.1
Added Pin To Net: NetName=M4.2 Pin=P10-7
Added Pin To Net: NetName=M4.2 Pin=U1-18
Added Net: Name=M4.2
Added Pin To Net: NetName=M5.1 Pin=P6-5
Added Pin To Net: NetName=M5.1 Pin=U1-32
Added Net: Name=M5.1
Added Pin To Net: NetName=MISO Pin=P4-1
Added Pin To Net: NetName=MISO Pin=P7-3
Added Pin To Net: NetName=MISO Pin=U1-8
Added Net: Name=MISO
Added Pin To Net: NetName=MOSI Pin=P4-4
Added Pin To Net: NetName=MOSI Pin=P9-1
Added Pin To Net: NetName=MOSI Pin=U1-9
Added Net: Name=MOSI
Added Pin To Net: NetName=NetD1_1 Pin=D1-1
Added Pin To Net: NetName=NetD1_1 Pin=R2-1
Added Net: Name=NetD1_1
Added Pin To Net: NetName=NetD2_1 Pin=D2-1
Added Pin To Net: NetName=NetD2_1 Pin=R3-1
Added Net: Name=NetD2_1
Added Pin To Net: NetName=NetD3_1 Pin=D3-1
Added Pin To Net: NetName=NetD3_1 Pin=R4-1
Added Net: Name=NetD3_1
Added Pin To Net: NetName=NetD4_1 Pin=D4-1
Added Pin To Net: NetName=NetD4_1 Pin=R5-1
Added Net: Name=NetD4_1
Added Pin To Net: NetName=NetD5_1 Pin=D5-1
Added Pin To Net: NetName=NetD5_1 Pin=R6-1
Added Net: Name=NetD5_1
Added Pin To Net: NetName=NetD6_1 Pin=D6-1
Added Pin To Net: NetName=NetD6_1 Pin=R7-1
Added Net: Name=NetD6_1
Added Pin To Net: NetName=NetD7_1 Pin=D7-1
Added Pin To Net: NetName=NetD7_1 Pin=R8-1
Added Net: Name=NetD7_1
Added Pin To Net: NetName=NetQ1_3 Pin=Q1-3
Added Pin To Net: NetName=NetQ1_3 Pin=R6-2
Added Pin To Net: NetName=NetQ1_3 Pin=R7-2
Added Pin To Net: NetName=NetQ1_3 Pin=R8-2
Added Net: Name=NetQ1_3
Added Pin To Net: NetName=PULSE Pin=R2-2
Added Pin To Net: NetName=PULSE Pin=U1-11
Added Net: Name=PULSE
Added Pin To Net: NetName=PWMM1.1 Pin=P5-1
Added Pin To Net: NetName=PWMM1.1 Pin=U1-3
Added Net: Name=PWMM1.1
Added Pin To Net: NetName=PWMM1.2 Pin=P5-3
Added Pin To Net: NetName=PWMM1.2 Pin=U1-1
Added Net: Name=PWMM1.2
Added Pin To Net: NetName=PWMM2.1 Pin=P7-1
Added Pin To Net: NetName=PWMM2.1 Pin=U1-10
Added Net: Name=PWMM2.1
Added Pin To Net: NetName=PWMM3.2 Pin=P9-3
Added Pin To Net: NetName=PWMM3.2 Pin=U1-27
Added Net: Name=PWMM3.2
Added Pin To Net: NetName=PWMM4.1 Pin=P4-3
Added Pin To Net: NetName=PWMM4.1 Pin=P10-1
Added Pin To Net: NetName=PWMM4.1 Pin=U1-28
Added Net: Name=PWMM4.1
Added Pin To Net: NetName=PWMM4.2 Pin=P10-3
Added Pin To Net: NetName=PWMM4.2 Pin=U1-30
Added Net: Name=PWMM4.2
Added Pin To Net: NetName=PWMM5.1 Pin=P6-3
Added Pin To Net: NetName=PWMM5.1 Pin=U1-29
Added Net: Name=PWMM5.1
Added Pin To Net: NetName=RESET Pin=B1-4
Added Pin To Net: NetName=RESET Pin=P4-5
Added Pin To Net: NetName=RESET Pin=R1-1
Added Pin To Net: NetName=RESET Pin=U1-31
Added Net: Name=RESET
Added Pin To Net: NetName=RXD Pin=P8-4
Added Pin To Net: NetName=RXD Pin=U1-12
Added Net: Name=RXD
Added Pin To Net: NetName=S1-IN1 Pin=P1-1
Added Pin To Net: NetName=S1-IN1 Pin=U1-22
Added Net: Name=S1-IN1
Added Pin To Net: NetName=S1-IN2 Pin=P1-3
Added Pin To Net: NetName=S1-IN2 Pin=U1-25
Added Net: Name=S1-IN2
Added Pin To Net: NetName=S1-IN3 Pin=P1-5
Added Pin To Net: NetName=S1-IN3 Pin=U1-13
Added Net: Name=S1-IN3
Added Pin To Net: NetName=S1-IN4 Pin=P1-4
Added Pin To Net: NetName=S1-IN4 Pin=U1-14
Added Net: Name=S1-IN4
Added Pin To Net: NetName=TXD Pin=P8-3
Added Pin To Net: NetName=TXD Pin=U1-2
Added Net: Name=TXD
Added Class: Name=Sheet1
Added Room: Name=Sheet1
