Added Component: Designator=C1(C1206)
Added Component: Designator=C5(C1206)
Added Component: Designator=C6(C0805)
Added Component: Designator=C7(C0805)
Added Component: Designator=C8(C0805)
Added Component: Designator=C9(C1206)
Added Component: Designator=C10(C1206)
Added Component: Designator=D1(L0603)
Added Component: Designator=P11(HDR1X2)
Added Component: Designator=R7(J1-0603)
Added Component: Designator=R8(J1-0603)
Added Component: Designator=R9(J1-0603)
Added Pin To Net: NetName=GND Pin=C1-1
Added Pin To Net: NetName=VCC Pin=C1-2
Added Pin To Net: NetName=GND Pin=C5-1
Added Pin To Net: NetName=VCC Pin=C5-2
Added Pin To Net: NetName=BAT Pin=C6-1
Added Pin To Net: NetName=GND Pin=C6-2
Added Pin To Net: NetName=BAT Pin=C7-1
Added Pin To Net: NetName=GND Pin=C7-2
Added Pin To Net: NetName=BAT Pin=C8-1
Added Pin To Net: NetName=GND Pin=C8-2
Added Pin To Net: NetName=GND Pin=C9-1
Added Pin To Net: NetName=BAT Pin=C9-2
Added Pin To Net: NetName=GND Pin=C10-1
Added Pin To Net: NetName=BAT Pin=C10-2
Added Pin To Net: NetName=POWER Pin=D1-1
Added Pin To Net: NetName=GND Pin=D1-2
Added Pin To Net: NetName=BAT Pin=P11-1
Added Pin To Net: NetName=GND Pin=P11-2
Added Pin To Net: NetName=VCC Pin=R7-1
Added Pin To Net: NetName=POWER Pin=R7-2
Added Pin To Net: NetName=POWER Pin=R8-1
Added Pin To Net: NetName=NetR8_2 Pin=R8-2
Added Pin To Net: NetName=NetR8_2 Pin=R9-1
Added Pin To Net: NetName=GND Pin=R9-2
Added Member To Class: ClassName=METR4810_Schematic Member=Component C1 Cap Semi
Added Member To Class: ClassName=METR4810_Schematic Member=Component C5 Cap Semi
Added Member To Class: ClassName=METR4810_Schematic Member=Component C6 Cap Pol3
Added Member To Class: ClassName=METR4810_Schematic Member=Component C7 Cap Pol3
Added Member To Class: ClassName=METR4810_Schematic Member=Component C8 Cap Pol3
Added Member To Class: ClassName=METR4810_Schematic Member=Component C9 Cap Semi
Added Member To Class: ClassName=METR4810_Schematic Member=Component C10 Cap Semi
Added Member To Class: ClassName=METR4810_Schematic Member=Component D1 LED1
Added Member To Class: ClassName=METR4810_Schematic Member=Component J1 D Connector 9
Added Member To Class: ClassName=METR4810_Schematic Member=Component P11 Header 2
Added Member To Class: ClassName=METR4810_Schematic Member=Component R7 Res3
Added Member To Class: ClassName=METR4810_Schematic Member=Component R8 Res3
Added Member To Class: ClassName=METR4810_Schematic Member=Component R9 Res3
