Removed Pin From Net: NetName=VCC Pin=P1-2
Removed Pin From Net: NetName=BAT Pin=P1-4
Removed Pin From Net: NetName=GND Pin=P1-8
Removed Member From Class: ClassName=METR4810_Schematic Member=P1
Added Component: Designator=P?(HDR1X4)
Added Component: Designator=P?(HDR1X8)
Added Component: Designator=P?(HDR1X8)
Added Pin To Net: NetName=VCC Pin=P?-1
Added Pin To Net: NetName=VCC Pin=P?-1
Added Pin To Net: NetName=GND Pin=P?-4
Added Pin To Net: NetName=GND Pin=P?-4
Added Pin To Net: NetName=GND Pin=P?-5
Added Pin To Net: NetName=GND Pin=P?-5
Added Pin To Net: NetName=BAT Pin=P?-8
Added Pin To Net: NetName=VCC Pin=P?-8
Added Pin To Net: NetName=S-IN1 Pin=P?-2
Added Pin To Net: NetName=S-IN1 Pin=U1-22
Added Net: Name=S-IN1
Added Pin To Net: NetName=S-IN2 Pin=P?-7
Added Pin To Net: NetName=S-IN2 Pin=U1-23
Added Net: Name=S-IN2
Added Pin To Net: NetName=S-IN3 Pin=P?-2
Added Pin To Net: NetName=S-IN3 Pin=U1-24
Added Net: Name=S-IN3
Added Pin To Net: NetName=S-IN4 Pin=P?-7
Added Pin To Net: NetName=S-IN4 Pin=U1-25
Added Net: Name=S-IN4
Added Pin To Net: NetName=S-OUT1 Pin=P?-3
Added Net: Name=S-OUT1
Added Pin To Net: NetName=S-OUT2 Pin=P?-6
Added Net: Name=S-OUT2
Added Pin To Net: NetName=S-OUT3 Pin=P?-1
Added Pin To Net: NetName=S-OUT3 Pin=P?-2
Added Pin To Net: NetName=S-OUT3 Pin=P?-3
Added Pin To Net: NetName=S-OUT3 Pin=P?-3
Added Pin To Net: NetName=S-OUT3 Pin=P?-4
Added Net: Name=S-OUT3
Added Pin To Net: NetName=S-OUT4 Pin=P?-6
Added Net: Name=S-OUT4
Added Member To Class: ClassName=METR4810_Schematic Member=Component P? Header 4
Added Member To Class: ClassName=METR4810_Schematic Member=Component P? Header 8
Added Member To Class: ClassName=METR4810_Schematic Member=Component P? Header 8
