Added Component: Designator=J?(DSUB1.385-2H15)
Added Component: Designator=J?(DSUB1.385-2H15)
Added Pin To Net: NetName=BAT Pin=J?-9
Added Pin To Net: NetName=BAT Pin=J?-9
Added Net: Name=BAT
Added Pin To Net: NetName=CAM_POW Pin=J?-3
Added Pin To Net: NetName=CAM_POW Pin=J?-3
Added Net: Name=CAM_POW
Added Pin To Net: NetName=CAM_SIG Pin=J?-10
Added Pin To Net: NetName=CAM_SIG Pin=J?-10
Added Net: Name=CAM_SIG
Added Pin To Net: NetName=GND Pin=J?-1
Added Pin To Net: NetName=GND Pin=J?-1
Added Net: Name=GND
Added Pin To Net: NetName=MOTOR_1A Pin=J?-8
Added Pin To Net: NetName=MOTOR_1A Pin=J?-8
Added Net: Name=MOTOR_1A
Added Pin To Net: NetName=MOTOR_1B Pin=J?-15
Added Pin To Net: NetName=MOTOR_1B Pin=J?-15
Added Net: Name=MOTOR_1B
Added Pin To Net: NetName=MOTOR_2A Pin=J?-7
Added Pin To Net: NetName=MOTOR_2A Pin=J?-7
Added Net: Name=MOTOR_2A
Added Pin To Net: NetName=MOTOR_2B Pin=J?-14
Added Pin To Net: NetName=MOTOR_2B Pin=J?-14
Added Net: Name=MOTOR_2B
Added Pin To Net: NetName=PWM SV 1 Pin=J?-4
Added Pin To Net: NetName=PWM SV 1 Pin=J?-4
Added Net: Name=PWM SV 1
Added Pin To Net: NetName=PWM SV 2 Pin=J?-11
Added Pin To Net: NetName=PWM SV 2 Pin=J?-11
Added Net: Name=PWM SV 2
Added Pin To Net: NetName=VCC Pin=J?-2
Added Pin To Net: NetName=VCC Pin=J?-2
Added Net: Name=VCC
Added Class: Name=Distro_schematic
Added Room: Name=Distro_schematic
