Added Component: Designator=C1(C0805)
Added Component: Designator=C2(C0805)
Added Component: Designator=C3(C0805)
Added Component: Designator=C4(C0805)
Added Component: Designator=D1(L0603)
Added Component: Designator=J1(DSUB1.385-2H15)
Added Component: Designator=P1(HDR1X4)
Added Component: Designator=P2(HDR1X4)
Added Component: Designator=P3(HDR1X3)
Added Component: Designator=P4(HDR1X3)
Added Component: Designator=P5(HDR1X3)
Added Component: Designator=P6(HDR1X4)
Added Component: Designator=P7(HDR1X4)
Added Component: Designator=P8(HDR1X4)
Added Component: Designator=R1(J1-0603)
Added Component: Designator=R2(J1-0603)
Added Component: Designator=R3(J1-0603)
Added Pin To Net: NetName=BAT Pin=C3-1
Added Pin To Net: NetName=BAT Pin=C4-1
Added Pin To Net: NetName=BAT Pin=J1-6
Added Pin To Net: NetName=BAT Pin=J1-13
Added Pin To Net: NetName=BAT Pin=J1-14
Added Pin To Net: NetName=BAT Pin=P3-2
Added Pin To Net: NetName=BAT Pin=P6-1
Added Pin To Net: NetName=BAT Pin=P6-2
Added Pin To Net: NetName=BAT Pin=P7-1
Added Pin To Net: NetName=BAT Pin=P7-2
Added Pin To Net: NetName=BAT Pin=P7-3
Added Pin To Net: NetName=BAT Pin=P7-4
Added Net: Name=BAT
Added Pin To Net: NetName=CAM_SIG Pin=J1-4
Added Pin To Net: NetName=CAM_SIG Pin=P3-1
Added Net: Name=CAM_SIG
Added Pin To Net: NetName=GND Pin=C1-2
Added Pin To Net: NetName=GND Pin=C2-2
Added Pin To Net: NetName=GND Pin=C3-2
Added Pin To Net: NetName=GND Pin=C4-2
Added Pin To Net: NetName=GND Pin=D1-2
Added Pin To Net: NetName=GND Pin=J1-7
Added Pin To Net: NetName=GND Pin=J1-8
Added Pin To Net: NetName=GND Pin=J1-15
Added Pin To Net: NetName=GND Pin=P3-3
Added Pin To Net: NetName=GND Pin=P4-3
Added Pin To Net: NetName=GND Pin=P5-3
Added Pin To Net: NetName=GND Pin=P6-3
Added Pin To Net: NetName=GND Pin=P6-4
Added Pin To Net: NetName=GND Pin=P8-1
Added Pin To Net: NetName=GND Pin=P8-2
Added Pin To Net: NetName=GND Pin=P8-3
Added Pin To Net: NetName=GND Pin=P8-4
Added Pin To Net: NetName=GND Pin=R3-2
Added Net: Name=GND
Added Pin To Net: NetName=MOTOR_1A Pin=J1-1
Added Pin To Net: NetName=MOTOR_1A Pin=P1-1
Added Pin To Net: NetName=MOTOR_1A Pin=P2-1
Added Net: Name=MOTOR_1A
Added Pin To Net: NetName=MOTOR_1B Pin=J1-9
Added Pin To Net: NetName=MOTOR_1B Pin=P1-2
Added Pin To Net: NetName=MOTOR_1B Pin=P2-2
Added Net: Name=MOTOR_1B
Added Pin To Net: NetName=MOTOR_2A Pin=J1-2
Added Pin To Net: NetName=MOTOR_2A Pin=P1-3
Added Pin To Net: NetName=MOTOR_2A Pin=P2-3
Added Net: Name=MOTOR_2A
Added Pin To Net: NetName=MOTOR_2B Pin=J1-10
Added Pin To Net: NetName=MOTOR_2B Pin=P1-4
Added Pin To Net: NetName=MOTOR_2B Pin=P2-4
Added Net: Name=MOTOR_2B
Added Pin To Net: NetName=NetD1_1 Pin=D1-1
Added Pin To Net: NetName=NetD1_1 Pin=R1-2
Added Pin To Net: NetName=NetD1_1 Pin=R2-1
Added Net: Name=NetD1_1
Added Pin To Net: NetName=NetR2_2 Pin=R2-2
Added Pin To Net: NetName=NetR2_2 Pin=R3-1
Added Net: Name=NetR2_2
Added Pin To Net: NetName=PWM SV 1 Pin=J1-3
Added Pin To Net: NetName=PWM SV 1 Pin=P5-1
Added Net: Name=PWM SV 1
Added Pin To Net: NetName=PWM SV 2 Pin=J1-11
Added Pin To Net: NetName=PWM SV 2 Pin=P4-1
Added Net: Name=PWM SV 2
Added Pin To Net: NetName=VCC Pin=C1-1
Added Pin To Net: NetName=VCC Pin=C2-1
Added Pin To Net: NetName=VCC Pin=J1-5
Added Pin To Net: NetName=VCC Pin=J1-12
Added Pin To Net: NetName=VCC Pin=P4-2
Added Pin To Net: NetName=VCC Pin=P5-2
Added Pin To Net: NetName=VCC Pin=R1-1
Added Net: Name=VCC
Added Class: Name=Distro_schematic
Added Room: Name=Distro_schematic
