Removed Pin From Net: NetName=GND Pin=B?-2
Removed Pin From Net: NetName=RESET Pin=B?-4
Removed Pin From Net: NetName=3S(11.1V) Pin=C?-1
Removed Pin From Net: NetName=3S(11.1V) Pin=C?-1
Removed Pin From Net: NetName=GND Pin=C?-1
Removed Pin From Net: NetName=GND Pin=C?-1
Removed Pin From Net: NetName=5V Pin=C?-2
Removed Pin From Net: NetName=5V Pin=C?-2
Removed Pin From Net: NetName=GND Pin=C?-2
Removed Pin From Net: NetName=GND Pin=C?-2
Removed Pin From Net: NetName=GND Pin=D?-2
Removed Pin From Net: NetName=5V Pin=P14-1
Removed Pin From Net: NetName=GND Pin=P14-2
Removed Pin From Net: NetName=MISO Pin=P14-6
Removed Pin From Net: NetName=MOSI Pin=P16-1
Removed Pin From Net: NetName=3S(11.1V) Pin=P?-1
Removed Pin From Net: NetName=5V Pin=P?-1
Removed Pin From Net: NetName=MISO Pin=P?-1
Removed Pin From Net: NetName=5V Pin=P?-2
Removed Pin From Net: NetName=GND Pin=P?-2
Removed Pin From Net: NetName=GND Pin=P?-2
Removed Pin From Net: NetName=TXD Pin=P?-3
Removed Pin From Net: NetName=MOSI Pin=P?-4
Removed Pin From Net: NetName=RXD Pin=P?-4
Removed Pin From Net: NetName=RESET Pin=P?-5
Removed Pin From Net: NetName=GND Pin=P?-6
Removed Pin From Net: NetName=RESET Pin=R?-1
Removed Pin From Net: NetName=5V Pin=R?-2
Removed Pin From Net: NetName=PULSE Pin=R?-2
Removed Pin From Net: NetName=TXD Pin=U?-2
Removed Pin From Net: NetName=5V Pin=U?-4
Removed Pin From Net: NetName=GND Pin=U?-5
Removed Pin From Net: NetName=MISO Pin=U?-8
Removed Pin From Net: NetName=MOSI Pin=U?-9
Removed Pin From Net: NetName=PULSE Pin=U?-11
Removed Pin From Net: NetName=RXD Pin=U?-12
Removed Pin From Net: NetName=5V Pin=U?-19
Removed Pin From Net: NetName=GND Pin=U?-20
Removed Pin From Net: NetName=RESET Pin=U?-31
Removed Pin From Net: NetName=3S(11.1V) Pin=VR?-1
Removed Pin From Net: NetName=GND Pin=VR?-2
Removed Pin From Net: NetName=5V Pin=VR?-3
Added Pin To Net: NetName=PWMM2.2 Pin=P7-3
Added Pin To Net: NetName=PWMM2.2 Pin=U1-1
Added Net: Name=PWMM2.2
