Change Component Designator: OldDesignator=C? NewDesignator=C1
Change Component Designator: OldDesignator=C? NewDesignator=C2
Change Component Designator: OldDesignator=C? NewDesignator=C3
Change Component Designator: OldDesignator=C? NewDesignator=C4
Change Component Designator: OldDesignator=D? NewDesignator=D1
Change Component Designator: OldDesignator=D? NewDesignator=D2
Change Component Designator: OldDesignator=D? NewDesignator=D3
Change Component Designator: OldDesignator=D? NewDesignator=D4
Change Component Designator: OldDesignator=P? NewDesignator=P1
Change Component Designator: OldDesignator=P? NewDesignator=P2
Change Component Designator: OldDesignator=P? NewDesignator=P3
Change Component Designator: OldDesignator=R? NewDesignator=R1
Change Component Designator: OldDesignator=R? NewDesignator=R2
Change Component Designator: OldDesignator=R? NewDesignator=R3
Change Component Designator: OldDesignator=R? NewDesignator=R4
Change Component Designator: OldDesignator=R? NewDesignator=R5
Change Component Designator: OldDesignator=R? NewDesignator=R6
Change Component Designator: OldDesignator=R? NewDesignator=R7
Change Component Designator: OldDesignator=R? NewDesignator=R8
Change Component Designator: OldDesignator=R? NewDesignator=R9
Change Component Designator: OldDesignator=R? NewDesignator=R10
Change Component Designator: OldDesignator=R? NewDesignator=R11
Change Component Designator: OldDesignator=R? NewDesignator=R12
Change Component Designator: OldDesignator=R? NewDesignator=R13
Change Component Designator: OldDesignator=R? NewDesignator=R14
Change Component Designator: OldDesignator=R? NewDesignator=R15
Change Component Designator: OldDesignator=R? NewDesignator=R16
Change Component Designator: OldDesignator=U? NewDesignator=U1
Change Component Designator: OldDesignator=VR? NewDesignator=VR1
Change Component Designator: OldDesignator=VR? NewDesignator=VR2
Change Net Name : Old Net Name=NetD?_1 New Net Name=NetD4_1
Change Net Name : Old Net Name=NetR?_1 New Net Name=NetR2_2
Added Pin To Net: NetName=NetD2_1 Pin=D2-1
Added Pin To Net: NetName=NetD2_1 Pin=R3-1
Added Net: Name=NetD2_1
Added Pin To Net: NetName=NetD3_1 Pin=D3-1
Added Pin To Net: NetName=NetD3_1 Pin=R4-1
Added Net: Name=NetD3_1
Added Pin To Net: NetName=NetR9_2 Pin=R9-2
Added Pin To Net: NetName=NetR9_2 Pin=R10-1
Added Net: Name=NetR9_2
Added Pin To Net: NetName=NetR11_1 Pin=R11-1
Added Pin To Net: NetName=NetR11_1 Pin=R12-1
Added Pin To Net: NetName=NetR11_1 Pin=R13-1
Added Pin To Net: NetName=NetR11_1 Pin=VR1-3
Added Net: Name=NetR11_1
Added Pin To Net: NetName=NetR14_1 Pin=R14-1
Added Pin To Net: NetName=NetR14_1 Pin=R15-1
Added Pin To Net: NetName=NetR14_1 Pin=R16-1
Added Pin To Net: NetName=NetR14_1 Pin=VR2-3
Added Net: Name=NetR14_1
Added Member To Class: ClassName=Breakout_schematic Member=Component C1 Cap Semi
Added Member To Class: ClassName=Breakout_schematic Member=Component C2 Cap Pol2
Added Member To Class: ClassName=Breakout_schematic Member=Component C4 Cap Semi
Added Member To Class: ClassName=Breakout_schematic Member=Component D2 LED1
Added Member To Class: ClassName=Breakout_schematic Member=Component D3 LED1
Added Member To Class: ClassName=Breakout_schematic Member=Component D4 LED1
Added Member To Class: ClassName=Breakout_schematic Member=Component P1 Header 3X2
Added Member To Class: ClassName=Breakout_schematic Member=Component P2 Header 18
Added Member To Class: ClassName=Breakout_schematic Member=Component R1 Res3
Added Member To Class: ClassName=Breakout_schematic Member=Component R3 Res3
Added Member To Class: ClassName=Breakout_schematic Member=Component R4 Res3
Added Member To Class: ClassName=Breakout_schematic Member=Component R5 Res3
Added Member To Class: ClassName=Breakout_schematic Member=Component R6 Res3
Added Member To Class: ClassName=Breakout_schematic Member=Component R7 Res3
Added Member To Class: ClassName=Breakout_schematic Member=Component R8 Res3
Added Member To Class: ClassName=Breakout_schematic Member=Component R9 Res3
Added Member To Class: ClassName=Breakout_schematic Member=Component R10 Res3
Added Member To Class: ClassName=Breakout_schematic Member=Component R11 Res3
Added Member To Class: ClassName=Breakout_schematic Member=Component R12 Res3
Added Member To Class: ClassName=Breakout_schematic Member=Component R13 Res3
Added Member To Class: ClassName=Breakout_schematic Member=Component R14 Res3
Added Member To Class: ClassName=Breakout_schematic Member=Component R15 Res3
Added Member To Class: ClassName=Breakout_schematic Member=Component R16 Res3
Added Member To Class: ClassName=Breakout_schematic Member=Component VR1 Volt Reg
