Removed Pin From Net: NetName=GND Pin=J?-1
Removed Pin From Net: NetName=VCC Pin=J?-2
Removed Pin From Net: NetName=CAM_POW Pin=J?-3
Removed Pin From Net: NetName=PWM SV 1 Pin=J?-4
Removed Pin From Net: NetName=MOTOR_2A Pin=J?-7
Removed Pin From Net: NetName=MOTOR_1A Pin=J?-8
Removed Pin From Net: NetName=BAT Pin=J?-9
Removed Pin From Net: NetName=CAM_SIG Pin=J?-10
Removed Pin From Net: NetName=PWM SV 2 Pin=J?-11
Removed Pin From Net: NetName=MOTOR_2B Pin=J?-14
Removed Pin From Net: NetName=MOTOR_1B Pin=J?-15
Added Pin To Net: NetName=MOTOR_1A Pin=J?-1
Added Pin To Net: NetName=MOTOR_2A Pin=J?-2
Added Pin To Net: NetName=PWM SV 1 Pin=J?-5
Added Pin To Net: NetName=CAM_POW Pin=J?-6
Added Pin To Net: NetName=VCC Pin=J?-7
Added Pin To Net: NetName=GND Pin=J?-8
Added Pin To Net: NetName=MOTOR_1B Pin=J?-9
Added Pin To Net: NetName=MOTOR_2B Pin=J?-10
Added Pin To Net: NetName=PWM SV 2 Pin=J?-13
Added Pin To Net: NetName=CAM_SIG Pin=J?-14
Added Pin To Net: NetName=BAT Pin=J?-15
Added Member To Class: ClassName=Distro_schematic Member=Component J? D Connector 15
